This is pdfTeX, Version 3.141592653-2.6-1.40.24 (TeX Live 2022) (preloaded format=pdflatex 2022.9.25)  28 FEB 2023 18:51
entering extended mode
 restricted \write18 enabled.
 file:line:error style messages enabled.
 %&-line parsing enabled.
**chapter_0.tex
(./chapter_0.tex
LaTeX2e <2022-06-01> patch level 5
L3 programming layer <2022-08-30>
./chapter_0.tex:1: Undefined control sequence.
l.1 \section
            {Matematický aparát}
The control sequence at the end of the top line
of your error message was never \def'ed. If you have
misspelled it (e.g., `\hobx'), type `I' and the correct
spelling (e.g., `I\hbox'). Otherwise just continue,
and I'll forget about whatever was undefined.


./chapter_0.tex:1: LaTeX Error: Missing \begin{document}.

See the LaTeX manual or LaTeX Companion for explanation.
Type  H <return>  for immediate help.
 ...                                              
                                                  
l.1 \section{M
              atematický aparát}
You're in trouble here.  Try typing  <return>  to proceed.
If that doesn't work, type  X <return>  to quit.

Missing character: There is no M in font nullfont!
Missing character: There is no a in font nullfont!
Missing character: There is no t in font nullfont!
Missing character: There is no e in font nullfont!
Missing character: There is no m in font nullfont!
Missing character: There is no a in font nullfont!
Missing character: There is no t in font nullfont!
Missing character: There is no i in font nullfont!
Missing character: There is no c in font nullfont!
Missing character: There is no k in font nullfont!
LaTeX Font Info:    Trying to load font information for +cmr on input line 1.
LaTeX Font Info:    No file cmr.fd. on input line 1.

LaTeX Font Warning: Font shape `/cmr/m/n' undefined
(Font)              using `/cmr/m/n' instead on input line 1.

./chapter_0.tex:1: Corrupted NFSS tables.
wrong@fontshape ...message {Corrupted NFSS tables}
                                                  error@fontshape else let f...
l.1 \section{Matematický
                          aparát}
This error message was generated by an \errmessage
command, so I can't give any explicit help.
Pretend that you're Hercule Poirot: Examine all clues,
and deduce the truth by order and method.


LaTeX Font Warning: Font shape `/cmr/m/n' undefined
(Font)              using `OT1/cmr/m/n' instead on input line 1.

Missing character: There is no a in font nullfont!
Missing character: There is no p in font nullfont!
Missing character: There is no a in font nullfont!
Missing character: There is no r in font nullfont!
Missing character: There is no t in font nullfont!

Overfull \hbox (30.27782pt too wide) in paragraph at lines 1--2
[]\/cmr/m/n/10 ^^Sy
 []


Overfull \hbox (5.00002pt too wide) in paragraph at lines 1--2
\/cmr/m/n/10 ^^Sa 
 []

./chapter_0.tex:3: Undefined control sequence.
l.3 \subsection
               {Laplaceova transformace}
The control sequence at the end of the top line
of your error message was never \def'ed. If you have
misspelled it (e.g., `\hobx'), type `I' and the correct
spelling (e.g., `I\hbox'). Otherwise just continue,
and I'll forget about whatever was undefined.


./chapter_0.tex:3: LaTeX Error: Missing \begin{document}.

See the LaTeX manual or LaTeX Companion for explanation.
Type  H <return>  for immediate help.
 ...                                              
                                                  
l.3 \subsection{L
                 aplaceova transformace}
You're in trouble here.  Try typing  <return>  to proceed.
If that doesn't work, type  X <return>  to quit.

Missing character: There is no L in font nullfont!
Missing character: There is no a in font nullfont!
Missing character: There is no p in font nullfont!
Missing character: There is no l in font nullfont!
Missing character: There is no a in font nullfont!
Missing character: There is no c in font nullfont!
Missing character: There is no e in font nullfont!
Missing character: There is no o in font nullfont!
Missing character: There is no v in font nullfont!
Missing character: There is no a in font nullfont!
Missing character: There is no t in font nullfont!
Missing character: There is no r in font nullfont!
Missing character: There is no a in font nullfont!
Missing character: There is no n in font nullfont!
Missing character: There is no s in font nullfont!
Missing character: There is no f in font nullfont!
Missing character: There is no o in font nullfont!
Missing character: There is no r in font nullfont!
Missing character: There is no m in font nullfont!
Missing character: There is no a in font nullfont!
Missing character: There is no c in font nullfont!
Missing character: There is no e in font nullfont!

Overfull \hbox (20.0pt too wide) in paragraph at lines 3--4
[]
 []


./chapter_0.tex:5: LaTeX Error: Missing \begin{document}.

See the LaTeX manual or LaTeX Companion for explanation.
Type  H <return>  for immediate help.
 ...                                              
                                                  
l.5 J
     e potřeba k tomu, abychom byli schopni jednodušeji řešit soustavy d...

You're in trouble here.  Try typing  <return>  to proceed.
If that doesn't work, type  X <return>  to quit.

Missing character: There is no J in font nullfont!
Missing character: There is no e in font nullfont!
Missing character: There is no p in font nullfont!
Missing character: There is no o in font nullfont!
Missing character: There is no t in font nullfont!
Missing character: There is no e in font nullfont!
Missing character: There is no b in font nullfont!
Missing character: There is no a in font nullfont!
Missing character: There is no k in font nullfont!
Missing character: There is no t in font nullfont!
Missing character: There is no o in font nullfont!
Missing character: There is no m in font nullfont!
Missing character: There is no u in font nullfont!
Missing character: There is no , in font nullfont!
Missing character: There is no a in font nullfont!
Missing character: There is no b in font nullfont!
Missing character: There is no y in font nullfont!
Missing character: There is no c in font nullfont!
Missing character: There is no h in font nullfont!
Missing character: There is no o in font nullfont!
Missing character: There is no m in font nullfont!
Missing character: There is no b in font nullfont!
Missing character: There is no y in font nullfont!
Missing character: There is no l in font nullfont!
Missing character: There is no i in font nullfont!
Missing character: There is no s in font nullfont!
Missing character: There is no c in font nullfont!
Missing character: There is no h in font nullfont!
Missing character: There is no o in font nullfont!
Missing character: There is no p in font nullfont!
Missing character: There is no n in font nullfont!
Missing character: There is no i in font nullfont!
Missing character: There is no j in font nullfont!
Missing character: There is no e in font nullfont!
Missing character: There is no d in font nullfont!
Missing character: There is no n in font nullfont!
Missing character: There is no o in font nullfont!
Missing character: There is no d in font nullfont!
Missing character: There is no u in font nullfont!
Missing character: There is no e in font nullfont!
Missing character: There is no j in font nullfont!
Missing character: There is no i in font nullfont!
Missing character: There is no e in font nullfont!
Missing character: There is no i in font nullfont!
Missing character: There is no t in font nullfont!
Missing character: There is no s in font nullfont!
Missing character: There is no o in font nullfont!
Missing character: There is no u in font nullfont!
Missing character: There is no s in font nullfont!
Missing character: There is no t in font nullfont!
Missing character: There is no a in font nullfont!
Missing character: There is no v in font nullfont!
Missing character: There is no y in font nullfont!
Missing character: There is no d in font nullfont!
Missing character: There is no i in font nullfont!
Missing character: There is no f in font nullfont!
Missing character: There is no e in font nullfont!
Missing character: There is no r in font nullfont!
Missing character: There is no e in font nullfont!
Missing character: There is no n in font nullfont!
Missing character: There is no c in font nullfont!
Missing character: There is no i in font nullfont!
Missing character: There is no l in font nullfont!
Missing character: There is no n in font nullfont!
Missing character: There is no c in font nullfont!
Missing character: There is no h in font nullfont!
Missing character: There is no r in font nullfont!
Missing character: There is no o in font nullfont!
Missing character: There is no v in font nullfont!
Missing character: There is no n in font nullfont!
Missing character: There is no i in font nullfont!
Missing character: There is no c in font nullfont!
LaTeX Font Info:    External font `cmex10' loaded for size
(Font)              <7> on input line 5.
LaTeX Font Info:    External font `cmex10' loaded for size
(Font)              <5> on input line 5.
./chapter_0.tex:5: Undefined control sequence.
\@footnotetext ...tins {\reset@font \footnotesize 
                                                  \interlinepenalty \interfo...
l.5 ... bude takové znásilňování matematiky.}
                                                  .\\
The control sequence at the end of the top line
of your error message was never \def'ed. If you have
misspelled it (e.g., `\hobx'), type `I' and the correct
spelling (e.g., `I\hbox'). Otherwise just continue,
and I'll forget about whatever was undefined.

./chapter_0.tex:5: Undefined control sequence.
\@footnotetext ...}\color@begingroup \@makefntext 
                                                  {\rule \z@ \footnotesep \i...
l.5 ... bude takové znásilňování matematiky.}
                                                  .\\
The control sequence at the end of the top line
of your error message was never \def'ed. If you have
misspelled it (e.g., `\hobx'), type `I' and the correct
spelling (e.g., `I\hbox'). Otherwise just continue,
and I'll forget about whatever was undefined.


Overfull \hbox (49.72234pt too wide) in paragraph at lines 5--5
[][]\/cmr/m/n/10 Matematici
 []


Overfull \hbox (28.91673pt too wide) in paragraph at lines 5--5
\/cmr/m/n/10 promi-
 []


Overfull \hbox (18.88895pt too wide) in paragraph at lines 5--5
\/cmr/m/n/10 nou,
 []


Overfull \hbox (45.88899pt too wide) in paragraph at lines 5--5
\/cmr/m/n/10 n^^Sasleduj^^S^^Pc^^S^^P
 []


Overfull \hbox (21.38895pt too wide) in paragraph at lines 5--5
\/cmr/m/n/10 kapi-
 []


Overfull \hbox (16.66672pt too wide) in paragraph at lines 5--5
\/cmr/m/n/10 tola
 []


Overfull \hbox (21.11116pt too wide) in paragraph at lines 5--5
\/cmr/m/n/10 bude
 []


Overfull \hbox (28.3334pt too wide) in paragraph at lines 5--5
\/cmr/m/n/10 takov^^Se
 []


Overfull \hbox (53.38902pt too wide) in paragraph at lines 5--5
\/cmr/m/n/10 zn^^Sasil^^Tnov^^San^^S^^P
 []


Overfull \hbox (33.3334pt too wide) in paragraph at lines 5--5
\/cmr/m/n/10 matem-
 []


Overfull \hbox (24.16675pt too wide) in paragraph at lines 5--5
\/cmr/m/n/10 atiky.| 
 []

Missing character: There is no . in font nullfont!

Overfull \hbox (20.0pt too wide) in paragraph at lines 5--6
[]
 []


Overfull \hbox (3.91667pt too wide) in paragraph at lines 5--6
\/cmr/m/n/10 ^^Tr
 []


Overfull \hbox (3.94444pt too wide) in paragraph at lines 5--6
\/cmr/m/n/10 ^^Ts
 []


Overfull \hbox (7.86111pt too wide) in paragraph at lines 5--6
\/cmr/m/n/10 ^^Tr^^Ts
 []


Overfull \hbox (7.7778pt too wide) in paragraph at lines 5--6
\/cmr/m/n/10 ^^Sa^^S^^P
 []


Overfull \hbox (4.48613pt too wide) in paragraph at lines 5--6
[] 
 []


./chapter_0.tex:7: LaTeX Error: Missing \begin{document}.

See the LaTeX manual or LaTeX Companion for explanation.
Type  H <return>  for immediate help.
 ...                                              
                                                  
l.7 P
     od pojmem \textbf{Laplaceova transformace} (LT) funkce $f(t)$ definovan...

You're in trouble here.  Try typing  <return>  to proceed.
If that doesn't work, type  X <return>  to quit.

Missing character: There is no P in font nullfont!
Missing character: There is no o in font nullfont!
Missing character: There is no d in font nullfont!
Missing character: There is no p in font nullfont!
Missing character: There is no o in font nullfont!
Missing character: There is no j in font nullfont!
Missing character: There is no m in font nullfont!
Missing character: There is no e in font nullfont!
Missing character: There is no m in font nullfont!
Missing character: There is no ( in font nullfont!
Missing character: There is no L in font nullfont!
Missing character: There is no T in font nullfont!
Missing character: There is no ) in font nullfont!
Missing character: There is no f in font nullfont!
Missing character: There is no u in font nullfont!
Missing character: There is no n in font nullfont!
Missing character: There is no k in font nullfont!
Missing character: There is no c in font nullfont!
Missing character: There is no e in font nullfont!
Missing character: There is no d in font nullfont!
Missing character: There is no e in font nullfont!
Missing character: There is no f in font nullfont!
Missing character: There is no i in font nullfont!
Missing character: There is no n in font nullfont!
Missing character: There is no o in font nullfont!
Missing character: There is no v in font nullfont!
Missing character: There is no a in font nullfont!
Missing character: There is no n in font nullfont!
Missing character: There is no n in font nullfont!
Missing character: There is no a in font nullfont!
Missing character: There is no i in font nullfont!
Missing character: There is no n in font nullfont!
Missing character: There is no t in font nullfont!
Missing character: There is no e in font nullfont!
Missing character: There is no r in font nullfont!
Missing character: There is no v in font nullfont!
Missing character: There is no a in font nullfont!
Missing character: There is no l in font nullfont!
Missing character: There is no u in font nullfont!
./chapter_0.tex:7: Undefined control sequence.
\@footnotetext ...tins {\reset@font \footnotesize 
                                                  \interlinepenalty \interfo...
l.7 ...nevadí omezit se na kladný půlinterval.}
                                                   chápeme zobrazení:
The control sequence at the end of the top line
of your error message was never \def'ed. If you have
misspelled it (e.g., `\hobx'), type `I' and the correct
spelling (e.g., `I\hbox'). Otherwise just continue,
and I'll forget about whatever was undefined.

./chapter_0.tex:7: Undefined control sequence.
\@footnotetext ...}\color@begingroup \@makefntext 
                                                  {\rule \z@ \footnotesep \i...
l.7 ...nevadí omezit se na kladný půlinterval.}
                                                   chápeme zobrazení:
The control sequence at the end of the top line
of your error message was never \def'ed. If you have
misspelled it (e.g., `\hobx'), type `I' and the correct
spelling (e.g., `I\hbox'). Otherwise just continue,
and I'll forget about whatever was undefined.


Overfull \hbox (7.50002pt too wide) in paragraph at lines 7--7
[][]\/cmr/m/n/10 V
 []


Overfull \hbox (27.27783pt too wide) in paragraph at lines 7--7
\/cmr/m/n/10 na^^Tsem
 []


Overfull \hbox (32.80563pt too wide) in paragraph at lines 7--7
\/cmr/m/n/10 p^^Tr^^S^^Ppad^^Te
 []


Overfull \hbox (24.16673pt too wide) in paragraph at lines 7--7
\/cmr/m/n/10 p^^Wujde
 []


Overfull \hbox (17.77782pt too wide) in paragraph at lines 7--7
\/cmr/m/n/10 typ-
 []


Overfull \hbox (17.50005pt too wide) in paragraph at lines 7--7
\/cmr/m/n/10 icky
 []


Overfull \hbox (5.00002pt too wide) in paragraph at lines 7--7
\/cmr/m/n/10 o
 []


Overfull \hbox (28.66673pt too wide) in paragraph at lines 7--7
\/cmr/m/n/10 ^^Tcasov^^Sy
 []


Overfull \hbox (11.66669pt too wide) in paragraph at lines 7--7
\/cmr/m/n/10 in-
 []


Overfull \hbox (15.58334pt too wide) in paragraph at lines 7--7
\/cmr/m/n/10 ter-
 []


Overfull \hbox (15.27783pt too wide) in paragraph at lines 7--7
\/cmr/m/n/10 val,
 []


Overfull \hbox (23.36118pt too wide) in paragraph at lines 7--7
\/cmr/m/n/10 proto
 []


Overfull \hbox (18.88895pt too wide) in paragraph at lines 7--7
\/cmr/m/n/10 n^^Sam
 []


Overfull \hbox (28.05563pt too wide) in paragraph at lines 7--7
\/cmr/m/n/10 nevad^^S^^P
 []


Overfull \hbox (28.88895pt too wide) in paragraph at lines 7--7
\/cmr/m/n/10 omezit
 []


Overfull \hbox (8.38889pt too wide) in paragraph at lines 7--7
\/cmr/m/n/10 se
 []


Overfull \hbox (10.55559pt too wide) in paragraph at lines 7--7
\/cmr/m/n/10 na
 []


Overfull \hbox (29.44455pt too wide) in paragraph at lines 7--7
\/cmr/m/n/10 kladn^^Sy
 []


Overfull \hbox (49.47235pt too wide) in paragraph at lines 7--7
\/cmr/m/n/10 p^^Wulinterval.| 
 []

Missing character: There is no c in font nullfont!
Missing character: There is no h in font nullfont!
Missing character: There is no p in font nullfont!
Missing character: There is no e in font nullfont!
Missing character: There is no m in font nullfont!
Missing character: There is no e in font nullfont!
Missing character: There is no z in font nullfont!
Missing character: There is no o in font nullfont!
Missing character: There is no b in font nullfont!
Missing character: There is no r in font nullfont!
Missing character: There is no a in font nullfont!
Missing character: There is no z in font nullfont!
Missing character: There is no e in font nullfont!
Missing character: There is no n in font nullfont!
Missing character: There is no : in font nullfont!

Overfull \hbox (20.0pt too wide) in paragraph at lines 7--8
[]
 []


Overfull \hbox (54.51353pt too wide) in paragraph at lines 7--8
\OT1/cmr/bx/n/10 Laplaceova
 []


Overfull \hbox (29.55676pt too wide) in paragraph at lines 7--8
\OT1/cmr/bx/n/10 trans-
 []


Overfull \hbox (17.83325pt too wide) in paragraph at lines 7--8
\OT1/cmr/bx/n/10 for-
 []


Overfull \hbox (25.5554pt too wide) in paragraph at lines 7--8
\OT1/cmr/bx/n/10 mace
 []


Overfull \hbox (17.36118pt too wide) in paragraph at lines 7--8
\OML/cmm/m/it/10 f\/cmr/m/n/10 (\OML/cmm/m/it/10 t\/cmr/m/n/10 )$
 []


Overfull \hbox (4.44444pt too wide) in paragraph at lines 7--8
\/cmr/m/n/10 ^^Se
 []


Overfull \hbox (39.48618pt too wide) in paragraph at lines 7--8
\/cmr/m/n/10 (0\OML/cmm/m/it/10 ; \/cmr/m/n/10 +\OMS/cmsy/m/n/10 1\/cmr/m/n/10 
)$[]
 []


Overfull \hbox (5.00002pt too wide) in paragraph at lines 7--8
\/cmr/m/n/10 ^^Sa
 []


Overfull \hbox (2.77779pt too wide) in paragraph at lines 7--8
\/cmr/m/n/10 ^^S^^P 
 []


./chapter_0.tex:9: LaTeX Error: Missing \begin{document}.

See the LaTeX manual or LaTeX Companion for explanation.
Type  H <return>  for immediate help.
 ...                                              
                                                  
l.9 \begin{equation}
                    
You're in trouble here.  Try typing  <return>  to proceed.
If that doesn't work, type  X <return>  to quit.


Overfull \hbox (20.0pt too wide) in paragraph at lines 9--9
[] 
 []

./chapter_0.tex:10: Undefined control sequence.
l.10   \boxed
             {
The control sequence at the end of the top line
of your error message was never \def'ed. If you have
misspelled it (e.g., `\hobx'), type `I' and the correct
spelling (e.g., `I\hbox'). Otherwise just continue,
and I'll forget about whatever was undefined.


Overfull \hbox (122.90779pt too wide) detected at line 13
[]
 []


./chapter_0.tex:15: LaTeX Error: Missing \begin{document}.

See the LaTeX manual or LaTeX Companion for explanation.
Type  H <return>  for immediate help.
 ...                                              
                                                  
l.15 k
      de $s$ značí komplexní proměnnou. Definičním oborem nově vznikl...

You're in trouble here.  Try typing  <return>  to proceed.
If that doesn't work, type  X <return>  to quit.

Missing character: There is no k in font nullfont!
Missing character: There is no d in font nullfont!
Missing character: There is no e in font nullfont!
Missing character: There is no z in font nullfont!
Missing character: There is no n in font nullfont!
Missing character: There is no a in font nullfont!
Missing character: There is no k in font nullfont!
Missing character: There is no o in font nullfont!
Missing character: There is no m in font nullfont!
Missing character: There is no p in font nullfont!
Missing character: There is no l in font nullfont!
Missing character: There is no e in font nullfont!
Missing character: There is no x in font nullfont!
Missing character: There is no n in font nullfont!
Missing character: There is no p in font nullfont!
Missing character: There is no r in font nullfont!
Missing character: There is no o in font nullfont!
Missing character: There is no m in font nullfont!
Missing character: There is no n in font nullfont!
Missing character: There is no n in font nullfont!
Missing character: There is no o in font nullfont!
Missing character: There is no u in font nullfont!
Missing character: There is no . in font nullfont!
Missing character: There is no D in font nullfont!
Missing character: There is no e in font nullfont!
Missing character: There is no f in font nullfont!
Missing character: There is no i in font nullfont!
Missing character: There is no n in font nullfont!
Missing character: There is no i in font nullfont!
Missing character: There is no n in font nullfont!
Missing character: There is no m in font nullfont!
Missing character: There is no o in font nullfont!
Missing character: There is no b in font nullfont!
Missing character: There is no o in font nullfont!
Missing character: There is no r in font nullfont!
Missing character: There is no e in font nullfont!
Missing character: There is no m in font nullfont!
Missing character: There is no n in font nullfont!
Missing character: There is no o in font nullfont!
Missing character: There is no v in font nullfont!
Missing character: There is no v in font nullfont!
Missing character: There is no z in font nullfont!
Missing character: There is no n in font nullfont!
Missing character: There is no i in font nullfont!
Missing character: There is no k in font nullfont!
Missing character: There is no l in font nullfont!
Missing character: There is no f in font nullfont!
Missing character: There is no u in font nullfont!
Missing character: There is no n in font nullfont!
Missing character: There is no k in font nullfont!
Missing character: There is no c in font nullfont!
Missing character: There is no e in font nullfont!
Missing character: There is no j in font nullfont!
Missing character: There is no e in font nullfont!
Missing character: There is no o in font nullfont!
Missing character: There is no b in font nullfont!
Missing character: There is no o in font nullfont!
Missing character: There is no r in font nullfont!
Missing character: There is no k in font nullfont!
Missing character: There is no o in font nullfont!
Missing character: There is no n in font nullfont!
Missing character: There is no v in font nullfont!
Missing character: There is no e in font nullfont!
Missing character: There is no r in font nullfont!
Missing character: There is no g in font nullfont!
Missing character: There is no e in font nullfont!
Missing character: There is no n in font nullfont!
Missing character: There is no c in font nullfont!
Missing character: There is no e in font nullfont!
Missing character: There is no d in font nullfont!
Missing character: There is no e in font nullfont!
Missing character: There is no f in font nullfont!
Missing character: There is no i in font nullfont!
Missing character: There is no n in font nullfont!
Missing character: There is no o in font nullfont!
Missing character: There is no v in font nullfont!
Missing character: There is no a in font nullfont!
Missing character: There is no n in font nullfont!
Missing character: There is no h in font nullfont!
Missing character: There is no o in font nullfont!
Missing character: There is no i in font nullfont!
Missing character: There is no n in font nullfont!
Missing character: There is no t in font nullfont!
Missing character: There is no e in font nullfont!
Missing character: There is no g in font nullfont!
Missing character: There is no r in font nullfont!
Missing character: There is no l in font nullfont!
Missing character: There is no u in font nullfont!
Missing character: There is no . in font nullfont!
Missing character: There is no P in font nullfont!
Missing character: There is no r in font nullfont!
Missing character: There is no o in font nullfont!
Missing character: There is no u in font nullfont!
Missing character: There is no s in font nullfont!
Missing character: There is no n in font nullfont!
Missing character: There is no a in font nullfont!
Missing character: There is no d in font nullfont!
Missing character: There is no n in font nullfont!
Missing character: There is no n in font nullfont!
Missing character: There is no z in font nullfont!
Missing character: There is no p in font nullfont!
Missing character: There is no i in font nullfont!
Missing character: There is no s in font nullfont!
Missing character: There is no u in font nullfont!
Missing character: There is no b in font nullfont!
Missing character: There is no u in font nullfont!
Missing character: There is no d in font nullfont!
Missing character: There is no e in font nullfont!
Missing character: There is no m in font nullfont!
Missing character: There is no e in font nullfont!
Missing character: There is no L in font nullfont!
Missing character: There is no a in font nullfont!
Missing character: There is no p in font nullfont!
Missing character: There is no l in font nullfont!
Missing character: There is no a in font nullfont!
Missing character: There is no c in font nullfont!
Missing character: There is no e in font nullfont!
Missing character: There is no o in font nullfont!
Missing character: There is no v in font nullfont!
Missing character: There is no u in font nullfont!
Missing character: There is no t in font nullfont!
Missing character: There is no r in font nullfont!
Missing character: There is no a in font nullfont!
Missing character: There is no n in font nullfont!
Missing character: There is no s in font nullfont!
Missing character: There is no f in font nullfont!
Missing character: There is no o in font nullfont!
Missing character: There is no r in font nullfont!
Missing character: There is no m in font nullfont!
Missing character: There is no a in font nullfont!
Missing character: There is no c in font nullfont!
Missing character: There is no i in font nullfont!
Missing character: There is no o in font nullfont!
Missing character: There is no z in font nullfont!
Missing character: There is no n in font nullfont!
Missing character: There is no a in font nullfont!
Missing character: There is no o in font nullfont!
Missing character: There is no v in font nullfont!
Missing character: There is no a in font nullfont!
Missing character: There is no t in font nullfont!
Missing character: There is no j in font nullfont!
Missing character: There is no a in font nullfont!
Missing character: There is no k in font nullfont!
Missing character: There is no o in font nullfont!
Missing character: There is no : in font nullfont!

Overfull \hbox (20.0pt too wide) in paragraph at lines 15--16
[]
 []


Overfull \hbox (4.6875pt too wide) in paragraph at lines 15--16
\OML/cmm/m/it/10 s$
 []


Overfull \hbox (7.22223pt too wide) in paragraph at lines 15--16
\/cmr/m/n/10 ^^Tc^^S^^P
 []


Overfull \hbox (2.77779pt too wide) in paragraph at lines 15--16
\/cmr/m/n/10 ^^S^^P
 []


Overfull \hbox (4.44444pt too wide) in paragraph at lines 15--16
\/cmr/m/n/10 ^^Te
 []


Overfull \hbox (7.22223pt too wide) in paragraph at lines 15--16
\/cmr/m/n/10 ^^Tc^^S^^P
 []


Overfull \hbox (4.44444pt too wide) in paragraph at lines 15--16
\/cmr/m/n/10 ^^Te
 []


Overfull \hbox (4.44444pt too wide) in paragraph at lines 15--16
\/cmr/m/n/10 ^^Se
 []


Overfull \hbox (4.44444pt too wide) in paragraph at lines 15--16
\/cmr/m/n/10 ^^Se
 []


Overfull \hbox (5.00002pt too wide) in paragraph at lines 15--16
\/cmr/m/n/10 ^^Sa
 []


Overfull \hbox (7.22223pt too wide) in paragraph at lines 15--16
\/cmr/m/n/10 ^^Te^^S^^P
 []


Overfull \hbox (5.00002pt too wide) in paragraph at lines 15--16
\/cmr/m/n/10 ^^Sa
 []


Overfull \hbox (4.44444pt too wide) in paragraph at lines 15--16
\/cmr/m/n/10 ^^Tc
 []


./chapter_0.tex:17: LaTeX Error: Missing \begin{document}.

See the LaTeX manual or LaTeX Companion for explanation.
Type  H <return>  for immediate help.
 ...                                              
                                                  
l.17 $
      $ \mathcal{L}[f(t)](s) = \tilde{f}(s). $$
You're in trouble here.  Try typing  <return>  to proceed.
If that doesn't work, type  X <return>  to quit.


Overfull \hbox (20.0pt too wide) in paragraph at lines 17--17
[] 
 []


Overfull \hbox (76.82787pt too wide) detected at line 17
\OMS/cmsy/m/n/10 L\/cmr/m/n/10 [\OML/cmm/m/it/10 f\/cmr/m/n/10 (\OML/cmm/m/it/1
0 t\/cmr/m/n/10 )](\OML/cmm/m/it/10 s\/cmr/m/n/10 ) = [](\OML/cmm/m/it/10 s\/cm
r/m/n/10 )\OML/cmm/m/it/10 :
 []


./chapter_0.tex:19: LaTeX Error: Missing \begin{document}.

See the LaTeX manual or LaTeX Companion for explanation.
Type  H <return>  for immediate help.
 ...                                              
                                                  
l.19 D
      ále si zadefinujeme \textbf{konvoluci} jednorozměrných funkcí $f(t...

You're in trouble here.  Try typing  <return>  to proceed.
If that doesn't work, type  X <return>  to quit.

Missing character: There is no D in font nullfont!
Missing character: There is no l in font nullfont!
Missing character: There is no e in font nullfont!
Missing character: There is no s in font nullfont!
Missing character: There is no i in font nullfont!
Missing character: There is no z in font nullfont!
Missing character: There is no a in font nullfont!
Missing character: There is no d in font nullfont!
Missing character: There is no e in font nullfont!
Missing character: There is no f in font nullfont!
Missing character: There is no i in font nullfont!
Missing character: There is no n in font nullfont!
Missing character: There is no u in font nullfont!
Missing character: There is no j in font nullfont!
Missing character: There is no e in font nullfont!
Missing character: There is no m in font nullfont!
Missing character: There is no e in font nullfont!
Missing character: There is no j in font nullfont!
Missing character: There is no e in font nullfont!
Missing character: There is no d in font nullfont!
Missing character: There is no n in font nullfont!
Missing character: There is no o in font nullfont!
Missing character: There is no r in font nullfont!
Missing character: There is no o in font nullfont!
Missing character: There is no z in font nullfont!
Missing character: There is no m in font nullfont!
Missing character: There is no r in font nullfont!
Missing character: There is no n in font nullfont!
Missing character: There is no c in font nullfont!
Missing character: There is no h in font nullfont!
Missing character: There is no f in font nullfont!
Missing character: There is no u in font nullfont!
Missing character: There is no n in font nullfont!
Missing character: There is no k in font nullfont!
Missing character: There is no c in font nullfont!
Missing character: There is no a in font nullfont!
Missing character: There is no j in font nullfont!
Missing character: There is no a in font nullfont!
Missing character: There is no k in font nullfont!
Missing character: There is no o in font nullfont!
Missing character: There is no : in font nullfont!

Overfull \hbox (25.00002pt too wide) in paragraph at lines 19--20
[]\/cmr/m/n/10 ^^Sa
 []


Overfull \hbox (21.7221pt too wide) in paragraph at lines 19--20
\OT1/cmr/bx/n/10 kon-
 []


Overfull \hbox (29.38873pt too wide) in paragraph at lines 19--20
\OT1/cmr/bx/n/10 voluci
 []


Overfull \hbox (9.72224pt too wide) in paragraph at lines 19--20
\/cmr/m/n/10 ^^Te^^Sy
 []


Overfull \hbox (2.77779pt too wide) in paragraph at lines 19--20
\/cmr/m/n/10 ^^S^^P
 []


Overfull \hbox (17.36118pt too wide) in paragraph at lines 19--20
\OML/cmm/m/it/10 f\/cmr/m/n/10 (\OML/cmm/m/it/10 t\/cmr/m/n/10 )$
 []


Overfull \hbox (16.51738pt too wide) in paragraph at lines 19--20
\OML/cmm/m/it/10 g\/cmr/m/n/10 (\OML/cmm/m/it/10 t\/cmr/m/n/10 )$
 []


./chapter_0.tex:21: LaTeX Error: Missing \begin{document}.

See the LaTeX manual or LaTeX Companion for explanation.
Type  H <return>  for immediate help.
 ...                                              
                                                  
l.21 \begin{equation}
                     
You're in trouble here.  Try typing  <return>  to proceed.
If that doesn't work, type  X <return>  to quit.


Overfull \hbox (20.0pt too wide) in paragraph at lines 21--21
[] 
 []

./chapter_0.tex:22: Undefined control sequence.
l.22   \boxed
             {
The control sequence at the end of the top line
of your error message was never \def'ed. If you have
misspelled it (e.g., `\hobx'), type `I' and the correct
spelling (e.g., `I\hbox'). Otherwise just continue,
and I'll forget about whatever was undefined.


Overfull \hbox (135.85054pt too wide) detected at line 25
[]
 []


./chapter_0.tex:27: LaTeX Error: Missing \begin{document}.

See the LaTeX manual or LaTeX Companion for explanation.
Type  H <return>  for immediate help.
 ...                                              
                                                  
l.27 P
      latí následující vztahy\footnote{Jejichž odvození je primitivní...

You're in trouble here.  Try typing  <return>  to proceed.
If that doesn't work, type  X <return>  to quit.

Missing character: There is no P in font nullfont!
Missing character: There is no l in font nullfont!
Missing character: There is no a in font nullfont!
Missing character: There is no t in font nullfont!
Missing character: There is no n in font nullfont!
Missing character: There is no s in font nullfont!
Missing character: There is no l in font nullfont!
Missing character: There is no e in font nullfont!
Missing character: There is no d in font nullfont!
Missing character: There is no u in font nullfont!
Missing character: There is no j in font nullfont!
Missing character: There is no c in font nullfont!
Missing character: There is no v in font nullfont!
Missing character: There is no z in font nullfont!
Missing character: There is no t in font nullfont!
Missing character: There is no a in font nullfont!
Missing character: There is no h in font nullfont!
Missing character: There is no y in font nullfont!
./chapter_0.tex:27: Undefined control sequence.
\@footnotetext ...tins {\reset@font \footnotesize 
                                                  \interlinepenalty \interfo...
l.27 ...mitivní a zvládne je i cvičená opice.}
                                                  :
The control sequence at the end of the top line
of your error message was never \def'ed. If you have
misspelled it (e.g., `\hobx'), type `I' and the correct
spelling (e.g., `I\hbox'). Otherwise just continue,
and I'll forget about whatever was undefined.

./chapter_0.tex:27: Undefined control sequence.
\@footnotetext ...}\color@begingroup \@makefntext 
                                                  {\rule \z@ \footnotesep \i...
l.27 ...mitivní a zvládne je i cvičená opice.}
                                                  :
The control sequence at the end of the top line
of your error message was never \def'ed. If you have
misspelled it (e.g., `\hobx'), type `I' and the correct
spelling (e.g., `I\hbox'). Otherwise just continue,
and I'll forget about whatever was undefined.


Overfull \hbox (29.58337pt too wide) in paragraph at lines 27--27
[][]\/cmr/m/n/10 Jejich^^Tz
 []


Overfull \hbox (38.05565pt too wide) in paragraph at lines 27--27
\/cmr/m/n/10 odvozen^^S^^P
 []


Overfull \hbox (7.50002pt too wide) in paragraph at lines 27--27
\/cmr/m/n/10 je
 []


Overfull \hbox (23.91672pt too wide) in paragraph at lines 27--27
\/cmr/m/n/10 prim-
 []


Overfull \hbox (6.11111pt too wide) in paragraph at lines 27--27
\/cmr/m/n/10 i-
 []


Overfull \hbox (20.27785pt too wide) in paragraph at lines 27--27
\/cmr/m/n/10 tivn^^S^^P
 []


Overfull \hbox (5.00002pt too wide) in paragraph at lines 27--27
\/cmr/m/n/10 a
 []


Overfull \hbox (33.05563pt too wide) in paragraph at lines 27--27
\/cmr/m/n/10 zvl^^Sadne
 []


Overfull \hbox (7.50002pt too wide) in paragraph at lines 27--27
\/cmr/m/n/10 je
 []


Overfull \hbox (2.77779pt too wide) in paragraph at lines 27--27
\/cmr/m/n/10 i
 []


Overfull \hbox (31.9445pt too wide) in paragraph at lines 27--27
\/cmr/m/n/10 cvi^^Tcen^^Sa
 []


Overfull \hbox (25.00005pt too wide) in paragraph at lines 27--27
\/cmr/m/n/10 opice.| 
 []

Missing character: There is no : in font nullfont!

Overfull \hbox (22.77779pt too wide) in paragraph at lines 27--28
[]\/cmr/m/n/10 ^^S^^P
 []


Overfull \hbox (10.55559pt too wide) in paragraph at lines 27--28
\/cmr/m/n/10 ^^Sa^^S^^P^^S^^P
 []


Overfull \hbox (4.48613pt too wide) in paragraph at lines 27--28
[] 
 []


./chapter_0.tex:29: LaTeX Error: Missing \begin{document}.

See the LaTeX manual or LaTeX Companion for explanation.
Type  H <return>  for immediate help.
 ...                                              
                                                  
l.29 \begin{itemize}
                    
You're in trouble here.  Try typing  <return>  to proceed.
If that doesn't work, type  X <return>  to quit.


Overfull \hbox (20.0pt too wide) in paragraph at lines 29--29
[] 
 []

Missing character: There is no , in font nullfont!
Missing character: There is no t in font nullfont!
Missing character: There is no j in font nullfont!
Missing character: There is no . in font nullfont!
Missing character: There is no p in font nullfont!
Missing character: There is no r in font nullfont!
Missing character: There is no o in font nullfont!
Missing character: There is no , in font nullfont!
Missing character: There is no z in font nullfont!
Missing character: There is no i in font nullfont!
Missing character: There is no n in font nullfont!
Missing character: There is no t in font nullfont!
Missing character: There is no e in font nullfont!
Missing character: There is no r in font nullfont!
Missing character: There is no v in font nullfont!
Missing character: There is no a in font nullfont!
Missing character: There is no l in font nullfont!
Missing character: There is no u in font nullfont!
Missing character: There is no a in font nullfont!
Missing character: There is no p in font nullfont!
Missing character: There is no r in font nullfont!
Missing character: There is no o in font nullfont!
Missing character: There is no l in font nullfont!
Missing character: There is no i in font nullfont!
Missing character: There is no b in font nullfont!
Missing character: There is no o in font nullfont!
Missing character: There is no v in font nullfont!
Missing character: There is no o in font nullfont!
Missing character: There is no l in font nullfont!
Missing character: There is no n in font nullfont!
Missing character: There is no k in font nullfont!
Missing character: There is no o in font nullfont!
Missing character: There is no m in font nullfont!
Missing character: There is no p in font nullfont!
Missing character: There is no l in font nullfont!
Missing character: There is no e in font nullfont!
Missing character: There is no x in font nullfont!
Missing character: There is no n in font nullfont!
Missing character: There is no s in font nullfont!
Missing character: There is no l in font nullfont!
Missing character: There is no o in font nullfont!
Missing character: There is no p in font nullfont!
Missing character: There is no l in font nullfont!
Missing character: There is no a in font nullfont!
Missing character: There is no t in font nullfont!
Missing character: There is no : in font nullfont!

Overfull \hbox (13.95825pt too wide) in paragraph at lines 30--31
\OT1/cmr/bx/n/10 LT
 []


Overfull \hbox (8.78468pt too wide) in paragraph at lines 30--31
\OT1/cmr/bx/n/10 je
 []


Overfull \hbox (37.95813pt too wide) in paragraph at lines 30--31
\OT1/cmr/bx/n/10 line^^Sarn^^S^^P
 []


Overfull \hbox (14.69437pt too wide) in paragraph at lines 30--31
\OT1/cmr/bx/n/10 zo-
 []


Overfull \hbox (36.68036pt too wide) in paragraph at lines 30--31
\OT1/cmr/bx/n/10 brazen^^S^^P
 []


Overfull \hbox (17.36118pt too wide) in paragraph at lines 30--31
\OML/cmm/m/it/10 f\/cmr/m/n/10 (\OML/cmm/m/it/10 t\/cmr/m/n/10 )$
 []


Overfull \hbox (16.51738pt too wide) in paragraph at lines 30--31
\OML/cmm/m/it/10 g\/cmr/m/n/10 (\OML/cmm/m/it/10 t\/cmr/m/n/10 )$
 []


Overfull \hbox (35.00005pt too wide) in paragraph at lines 30--31
\/cmr/m/n/10 (0\OML/cmm/m/it/10 ; \/cmr/m/n/10 +\OMS/cmsy/m/n/10 1\/cmr/m/n/10 
)$
 []


Overfull \hbox (4.44444pt too wide) in paragraph at lines 30--31
\/cmr/m/n/10 ^^Se
 []


Overfull \hbox (2.77779pt too wide) in paragraph at lines 30--31
\/cmr/m/n/10 ^^S^^P
 []


Overfull \hbox (7.22223pt too wide) in paragraph at lines 30--31
\/cmr/m/n/10 ^^Tc^^S^^P
 []


Overfull \hbox (6.43404pt too wide) in paragraph at lines 30--31
\OML/cmm/m/it/10 $
 []


Overfull \hbox (2.77779pt too wide) in paragraph at lines 30--31
\/cmr/m/n/10 ^^S^^P
 []


Overfull \hbox (34.81401pt too wide) in paragraph at lines 30--31
\OMS/cmsy/m/n/10 L\/cmr/m/n/10 [\OML/cmm/m/it/10 f\/cmr/m/n/10 (\OML/cmm/m/it/1
0 t\/cmr/m/n/10 ) +
 []


Overfull \hbox (9.21182pt too wide) in paragraph at lines 30--31
\OML/cmm/m/it/10  \OMS/cmsy/m/n/10 ^^A
 []


Overfull \hbox (42.31598pt too wide) in paragraph at lines 30--31
\OML/cmm/m/it/10 g\/cmr/m/n/10 (\OML/cmm/m/it/10 t\/cmr/m/n/10 )](\OML/cmm/m/it
/10 s\/cmr/m/n/10 ) =
 []


Overfull \hbox (26.21536pt too wide) in paragraph at lines 30--31
[]\/cmr/m/n/10 (\OML/cmm/m/it/10 s\/cmr/m/n/10 ) +
 []


Overfull \hbox (9.21182pt too wide) in paragraph at lines 30--31
\OML/cmm/m/it/10  \OMS/cmsy/m/n/10 ^^A
 []


Overfull \hbox (20.37155pt too wide) in paragraph at lines 30--31
[]\/cmr/m/n/10 (\OML/cmm/m/it/10 s\/cmr/m/n/10 )\OML/cmm/m/it/10 :$ 
 []

./chapter_0.tex:31: Undefined control sequence.
l.31 ... $ \mathcal{L}[A \cdot e^{Bt}](s) = \dfrac
                                                  {A}{s-B}$, pokud platí $B...
The control sequence at the end of the top line
of your error message was never \def'ed. If you have
misspelled it (e.g., `\hobx'), type `I' and the correct
spelling (e.g., `I\hbox'). Otherwise just continue,
and I'll forget about whatever was undefined.

Missing character: There is no , in font nullfont!
Missing character: There is no p in font nullfont!
Missing character: There is no o in font nullfont!
Missing character: There is no k in font nullfont!
Missing character: There is no u in font nullfont!
Missing character: There is no d in font nullfont!
Missing character: There is no p in font nullfont!
Missing character: There is no l in font nullfont!
Missing character: There is no a in font nullfont!
Missing character: There is no t in font nullfont!
Missing character: There is no . in font nullfont!

Overfull \hbox (13.95825pt too wide) in paragraph at lines 31--32
\OT1/cmr/bx/n/10 LT
 []


Overfull \hbox (15.17354pt too wide) in paragraph at lines 31--32
\OT1/cmr/bx/n/10 ex-
 []


Overfull \hbox (16.29158pt too wide) in paragraph at lines 31--32
\OT1/cmr/bx/n/10 po-
 []


Overfull \hbox (44.40253pt too wide) in paragraph at lines 31--32
\OT1/cmr/bx/n/10 nenci^^Saly:
 []


Overfull \hbox (19.95284pt too wide) in paragraph at lines 31--32
\OMS/cmsy/m/n/10 L\/cmr/m/n/10 [\OML/cmm/m/it/10 A \OMS/cmsy/m/n/10 ^^A
 []


Overfull \hbox (40.3587pt too wide) in paragraph at lines 31--32
\OML/cmm/m/it/10 e[]\/cmr/m/n/10 ](\OML/cmm/m/it/10 s\/cmr/m/n/10 ) =
 []


Overfull \hbox (32.49646pt too wide) in paragraph at lines 31--32
\OML/cmm/m/it/10 A[]$
 []


Overfull \hbox (2.77779pt too wide) in paragraph at lines 31--32
\/cmr/m/n/10 ^^S^^P
 []


Overfull \hbox (18.64232pt too wide) in paragraph at lines 31--32
\OML/cmm/m/it/10 B <
 []


Overfull \hbox (4.6875pt too wide) in paragraph at lines 31--32
\OML/cmm/m/it/10 s$ 
 []


./chapter_0.tex:32: LaTeX Error: The font size command \normalsize is not defin
ed:
               there is probably something wrong with the class file.

See the LaTeX manual or LaTeX Companion for explanation.
Type  H <return>  for immediate help.
 ...                                              
                                                  
l.32   \item \textbf
                    {LT konvoluce:} $\mathcal{L}[(f*g)(t)](s) = \tilde{f}(s)...

Your command was ignored.
Type  I <command> <return>  to replace it with another command,
or  <return>  to continue without it.

[1{c:/texlive/2022/texmf-var/fonts/map/pdftex/updmap/pdftex.map}
./chapter_0.tex:32: Undefined control sequence.
<write> \newlabel{Laplaceovka}{{1}{\thepage 
                                            }}
l.32   \item \textbf
                    {LT konvoluce:} $\mathcal{L}[(f*g)(t)](s) = \tilde{f}(s)...
The control sequence at the end of the top line
of your error message was never \def'ed. If you have
misspelled it (e.g., `\hobx'), type `I' and the correct
spelling (e.g., `I\hbox'). Otherwise just continue,
and I'll forget about whatever was undefined.

\newlabel{Laplaceovka}{{1}{}}
./chapter_0.tex:32: Undefined control sequence.
<write> \newlabel{Konvoluce}{{2}{\thepage 
                                          }}
l.32   \item \textbf
                    {LT konvoluce:} $\mathcal{L}[(f*g)(t)](s) = \tilde{f}(s)...
The control sequence at the end of the top line
of your error message was never \def'ed. If you have
misspelled it (e.g., `\hobx'), type `I' and the correct
spelling (e.g., `I\hbox'). Otherwise just continue,
and I'll forget about whatever was undefined.

\newlabel{Konvoluce}{{2}{}}
]
Missing character: There is no . in font nullfont!

Overfull \hbox (13.95825pt too wide) in paragraph at lines 32--33
\OT1/cmr/bx/n/10 LT
 []


Overfull \hbox (21.7221pt too wide) in paragraph at lines 32--33
\OT1/cmr/bx/n/10 kon-
 []


Overfull \hbox (34.65955pt too wide) in paragraph at lines 32--33
\OT1/cmr/bx/n/10 voluce:
 []


Overfull \hbox (24.53621pt too wide) in paragraph at lines 32--33
\OMS/cmsy/m/n/10 L\/cmr/m/n/10 [(\OML/cmm/m/it/10 f \OMS/cmsy/m/n/10 ^^C
 []


Overfull \hbox (46.20488pt too wide) in paragraph at lines 32--33
\OML/cmm/m/it/10 g\/cmr/m/n/10 )(\OML/cmm/m/it/10 t\/cmr/m/n/10 )](\OML/cmm/m/i
t/10 s\/cmr/m/n/10 ) =
 []


Overfull \hbox (21.21535pt too wide) in paragraph at lines 32--33
[]\/cmr/m/n/10 (\OML/cmm/m/it/10 s\/cmr/m/n/10 ) \OMS/cmsy/m/n/10 ^^A
 []


Overfull \hbox (17.59377pt too wide) in paragraph at lines 32--33
[]\/cmr/m/n/10 (\OML/cmm/m/it/10 s\/cmr/m/n/10 )$ 
 []

Missing character: There is no . in font nullfont!
Missing character: There is no L in font nullfont!
Missing character: There is no z in font nullfont!
Missing character: There is no e in font nullfont!
Missing character: There is no a in font nullfont!
Missing character: There is no p in font nullfont!
Missing character: There is no l in font nullfont!
Missing character: There is no i in font nullfont!
Missing character: There is no k in font nullfont!
Missing character: There is no o in font nullfont!
Missing character: There is no v in font nullfont!
Missing character: There is no a in font nullfont!
Missing character: There is no t in font nullfont!
Missing character: There is no i in font nullfont!
Missing character: There is no n in font nullfont!
Missing character: There is no a in font nullfont!
Missing character: There is no v in font nullfont!
Missing character: There is no c in font nullfont!
Missing character: There is no e in font nullfont!
Missing character: There is no n in font nullfont!
Missing character: There is no s in font nullfont!
Missing character: There is no o in font nullfont!
Missing character: There is no b in font nullfont!
Missing character: There is no n in font nullfont!
Missing character: There is no d in font nullfont!
Missing character: There is no e in font nullfont!
Missing character: There is no r in font nullfont!
Missing character: There is no i in font nullfont!
Missing character: There is no v in font nullfont!
Missing character: There is no a in font nullfont!
Missing character: There is no c in font nullfont!
Missing character: There is no e in font nullfont!
Missing character: There is no : in font nullfont!
Missing character: There is no , in font nullfont!
Missing character: There is no a in font nullfont!
Missing character: There is no p in font nullfont!
Missing character: There is no o in font nullfont!
Missing character: There is no d in font nullfont!
Missing character: There is no . in font nullfont!

Overfull \hbox (13.95825pt too wide) in paragraph at lines 33--35
\OT1/cmr/bx/n/10 LT
 []


Overfull \hbox (44.18727pt too wide) in paragraph at lines 33--35
\OT1/cmr/bx/n/10 derivace:
 []


Overfull \hbox (55.64037pt too wide) in paragraph at lines 33--35
\OMS/cmsy/m/n/10 L\/cmr/m/n/10 [\OML/cmm/m/it/10 f[]\/cmr/m/n/10 (\OML/cmm/m/it
/10 t\/cmr/m/n/10 )](\OML/cmm/m/it/10 s\/cmr/m/n/10 ) =
 []


Overfull \hbox (30.90286pt too wide) in paragraph at lines 33--35
\OML/cmm/m/it/10 s[]\/cmr/m/n/10 (\OML/cmm/m/it/10 s\/cmr/m/n/10 ) \OMS/cmsy/m/
n/10 ^^@
 []


Overfull \hbox (25.38899pt too wide) in paragraph at lines 33--35
\OML/cmm/m/it/10 f\/cmr/m/n/10 (0[])$ 
 []


Overfull \hbox (12.22224pt too wide) in paragraph at lines 33--35
\/cmr/m/n/10 ^^S^^P^^Sa^^Se
 []


Overfull \hbox (57.94592pt too wide) in paragraph at lines 33--35
\OMS/cmsy/m/n/10 L\/cmr/m/n/10 [\OML/cmm/m/it/10 f[]\/cmr/m/n/10 (\OML/cmm/m/it
/10 t\/cmr/m/n/10 )](\OML/cmm/m/it/10 s\/cmr/m/n/10 ) =
 []


Overfull \hbox (35.38899pt too wide) in paragraph at lines 33--35
\OML/cmm/m/it/10 s[][]\/cmr/m/n/10 (\OML/cmm/m/it/10 s\/cmr/m/n/10 ) \OMS/cmsy/
m/n/10 ^^@
 []


Overfull \hbox (37.8543pt too wide) in paragraph at lines 33--35
\OML/cmm/m/it/10 sf\/cmr/m/n/10 (0[]) \OMS/cmsy/m/n/10 ^^@
 []


Overfull \hbox (28.19455pt too wide) in paragraph at lines 33--35
\OML/cmm/m/it/10 f[]\/cmr/m/n/10 (0[])$ 
 []

./chapter_0.tex:35: Undefined control sequence.
l.35 ... funkce:} $\mathcal{L} [F(t)] (s) = \dfrac
                                                  {F(0^+)}{s} + \dfrac{1}{s}...
The control sequence at the end of the top line
of your error message was never \def'ed. If you have
misspelled it (e.g., `\hobx'), type `I' and the correct
spelling (e.g., `I\hbox'). Otherwise just continue,
and I'll forget about whatever was undefined.

./chapter_0.tex:35: Undefined control sequence.
l.35 ...L} [F(t)] (s) = \dfrac{F(0^+)}{s} + \dfrac
                                                  {1}{s}\tilde{f}(s)$.\\
The control sequence at the end of the top line
of your error message was never \def'ed. If you have
misspelled it (e.g., `\hobx'), type `I' and the correct
spelling (e.g., `I\hbox'). Otherwise just continue,
and I'll forget about whatever was undefined.

Missing character: There is no . in font nullfont!
Missing character: There is no B in font nullfont!
Missing character: There is no e in font nullfont!
Missing character: There is no r in font nullfont!
Missing character: There is no e in font nullfont!
Missing character: There is no m in font nullfont!
Missing character: There is no e in font nullfont!
Missing character: There is no - in font nullfont!
Missing character: There is no l in font nullfont!
Missing character: There is no i in font nullfont!
Missing character: There is no p in font nullfont!
Missing character: There is no r in font nullfont!
Missing character: There is no i in font nullfont!
Missing character: There is no m in font nullfont!
Missing character: There is no i in font nullfont!
Missing character: There is no t in font nullfont!
Missing character: There is no i in font nullfont!
Missing character: There is no v in font nullfont!
Missing character: There is no n in font nullfont!
Missing character: There is no f in font nullfont!
Missing character: There is no u in font nullfont!
Missing character: There is no n in font nullfont!
Missing character: There is no k in font nullfont!
Missing character: There is no c in font nullfont!
Missing character: There is no i in font nullfont!
Missing character: There is no j in font nullfont!
Missing character: There is no a in font nullfont!
Missing character: There is no k in font nullfont!
Missing character: There is no o in font nullfont!
Missing character: There is no f in font nullfont!
Missing character: There is no u in font nullfont!
Missing character: There is no n in font nullfont!
Missing character: There is no k in font nullfont!
Missing character: There is no c in font nullfont!
Missing character: There is no i in font nullfont!
Missing character: There is no h in font nullfont!
Missing character: There is no o in font nullfont!
Missing character: There is no r in font nullfont!
Missing character: There is no n in font nullfont!
Missing character: There is no m in font nullfont!
Missing character: There is no e in font nullfont!
Missing character: There is no z in font nullfont!
Missing character: There is no e in font nullfont!
Missing character: There is no , in font nullfont!
Missing character: There is no p in font nullfont!
Missing character: There is no l in font nullfont!
Missing character: There is no a in font nullfont!
Missing character: There is no t in font nullfont!
Missing character: There is no : in font nullfont!
./chapter_0.tex:36: Undefined control sequence.
l.36 ...nt_0^t f(\tau) d\tau \right ] (s) = \dfrac
                                                  {1}{s}\tilde{f}(s)$.
The control sequence at the end of the top line
of your error message was never \def'ed. If you have
misspelled it (e.g., `\hobx'), type `I' and the correct
spelling (e.g., `I\hbox'). Otherwise just continue,
and I'll forget about whatever was undefined.

Missing character: There is no . in font nullfont!

Overfull \hbox (13.95825pt too wide) in paragraph at lines 35--37
\OT1/cmr/bx/n/10 LT
 []


Overfull \hbox (27.73598pt too wide) in paragraph at lines 35--37
\OT1/cmr/bx/n/10 prim-
 []


Overfull \hbox (7.02774pt too wide) in paragraph at lines 35--37
\OT1/cmr/bx/n/10 i-
 []


Overfull \hbox (23.31932pt too wide) in paragraph at lines 35--37
\OT1/cmr/bx/n/10 tivn^^S^^P
 []


Overfull \hbox (35.61787pt too wide) in paragraph at lines 35--37
\OT1/cmr/bx/n/10 funkce:
 []


Overfull \hbox (54.682pt too wide) in paragraph at lines 35--37
\OMS/cmsy/m/n/10 L\/cmr/m/n/10 [\OML/cmm/m/it/10 F\/cmr/m/n/10 (\OML/cmm/m/it/1
0 t\/cmr/m/n/10 )](\OML/cmm/m/it/10 s\/cmr/m/n/10 ) =
 []


Overfull \hbox (39.70149pt too wide) in paragraph at lines 35--37
[]\OML/cmm/m/it/10 s \/cmr/m/n/10 +
 []


Overfull \hbox (28.12508pt too wide) in paragraph at lines 35--37
\/cmr/m/n/10 1\OML/cmm/m/it/10 s[]\/cmr/m/n/10 (\OML/cmm/m/it/10 s\/cmr/m/n/10 
)$ 
 []


Overfull \hbox (2.77779pt too wide) in paragraph at lines 35--37
\/cmr/m/n/10 ^^S^^P
 []


Overfull \hbox (2.77779pt too wide) in paragraph at lines 35--37
\/cmr/m/n/10 ^^S^^P
 []


Overfull \hbox (2.77779pt too wide) in paragraph at lines 35--37
\/cmr/m/n/10 ^^S^^P
 []


Overfull \hbox (84.5118pt too wide) in paragraph at lines 35--37
\OMS/cmsy/m/n/10 L [] \/cmr/m/n/10 (\OML/cmm/m/it/10 s\/cmr/m/n/10 ) =
 []


Overfull \hbox (28.12508pt too wide) in paragraph at lines 35--37
\/cmr/m/n/10 1\OML/cmm/m/it/10 s[]\/cmr/m/n/10 (\OML/cmm/m/it/10 s\/cmr/m/n/10 
)$ 
 []

Missing character: There is no a in font nullfont!
Missing character: There is no ) in font nullfont!
Missing character: There is no , in font nullfont!
Missing character: There is no b in font nullfont!
Missing character: There is no ) in font nullfont!
Missing character: There is no . in font nullfont!

Overfull \hbox (45.04141pt too wide) in paragraph at lines 37--40
\OT1/cmr/bx/n/10 Speci^^Saln^^S^^P
 []


Overfull \hbox (19.80545pt too wide) in paragraph at lines 37--40
\OT1/cmr/bx/n/10 lim-
 []


Overfull \hbox (16.61102pt too wide) in paragraph at lines 37--40
\OT1/cmr/bx/n/10 ity: 
 []


Overfull \hbox (64.59044pt too wide) in paragraph at lines 37--40
[][] \OML/cmm/m/it/10 f\/cmr/m/n/10 (\OML/cmm/m/it/10 t\/cmr/m/n/10 ) =
 []


Overfull \hbox (58.89943pt too wide) in paragraph at lines 37--40
[][] \OML/cmm/m/it/10 s[]\/cmr/m/n/10 (\OML/cmm/m/it/10 s\/cmr/m/n/10 )$ 
 []


Overfull \hbox (62.93758pt too wide) in paragraph at lines 37--40
[][] \OML/cmm/m/it/10 f\/cmr/m/n/10 (\OML/cmm/m/it/10 t\/cmr/m/n/10 ) =
 []


Overfull \hbox (60.55229pt too wide) in paragraph at lines 37--40
[][] \OML/cmm/m/it/10 s[]\/cmr/m/n/10 (\OML/cmm/m/it/10 s\/cmr/m/n/10 )$ 
 []

)
! Emergency stop.
<*> chapter_0.tex
                 
*** (job aborted, no legal \end found)

 
Here is how much of TeX's memory you used:
 42 strings out of 475075
 610 string characters out of 5783001
 349840 words of memory out of 5000000
 21537 multiletter control sequences out of 15000+600000
 469567 words of font info for 29 fonts, out of 8000000 for 9000
 1141 hyphenation exceptions out of 8191
 27i,5n,32p,297b,153s stack positions out of 10000i,1000n,20000p,200000b,200000s
!  ==> Fatal error occurred, no output PDF file produced!
